your name STEVEN JOHNSTON

PROG2220: Section #1

Assignment #05: Task #3

Current System Date
2013-11-20 15:40:07
average_score
88.33
p_id	c_id	date_difference
      1	  101	                       6
      1	  103	                       5
      1	  104	                      11
      1	  105	                      11
      2	  100	                       2
      2	  105	                       2
      3	  103	                       6
      3	  104	                       2
      4	  102	                       5
      4	  104	                       6
      4	  105	                      12
      5	  103	                       6
      5	  105	                       6
      6	  103	                       6
      6	  104	                       6
      7	  100	                       7
      7	  102	                       7
c_full	c_phone
Brian, Zhang	715-555-8383
Paul, Courtlandt	715-555-5225
Janet, Park	715-555-4944
DELET: rows affected
0
INSERT: rows affected
1
c_id	certification
  100	    Unknown
  101	Not Certified
  105	      Certified
