your name: STEVEN JOHNSTON

PROG2220: Section 01

Assignment #01: Task #1

Current System Date
2013-09-12 09:56:56

vendor_name	vendor_contact_last_name	vendor_contact_first_name
Dristas Groom & McCormick	Aaronsen	Thom
Internal Revenue Service	Aileen	Joan
US Postal Service	Alberto	Francesco
Yale Industrial Trucks-Fresno	Alexis	Alexandro
Leslie Company	Alondra	Zev
American Booksellers Assoc	Angelica	Nashalie
Courier Companies, Inc	Antavius	Troy
Pacific Gas & Electric	Anthoni	Kaitlyn
Lou Gentile's Flower Basket	Anum	Trisha
Pollstar	Aranovitch	Robert
Compuserve	Armando	Jan
Data Reproductions Corp	Arodondo	Cesar
State of California	Articunia	Mercedez
Computer Library	Aryn	Leroy
Fresno Rack & Shelving Inc	Baylee	Dakota
United Parcel Service	Beauregard	Violet
Nat Assoc of College Stores	Bernard	Lucy
Baker & Taylor Books	Bernardo	Brittnee
Golden Eagle Insurance Co	Blanca	Korah
Unocal	Bluzinski	Rachael
Simon Direct Inc	Bradlee	Daniel
Gostanian General Building	Bragg	Walter
Fresno Credit Bureau	Braydon	Anne
Fresno County Tax Collector	Brenton	Kila
Nielson	Brooklynn	Keely
Federal Express Corporation	Bucket	Charlie
IBM	Camron	Trentin
Publishers Weekly	Carrollton	Priscilla
Boucher Communications Inc	Carson	Julian
Fresno Photoengraving Company	Chaddick	Derek
Ph Photographic Services	Cheyenne	Kaylea
Dataforms/West	Church	Charlie
Champion Printing Company	Clifford	Jillian
Small Press	Colette	Dusty
The Fresno Bee	Colton	Leah
Open Horizons Publishing	Damien	Deborah
Wells Fargo Bank	Damion	Mikayla
Executive Office Products	Danielson	Rachael
ASC Signs	Darien	Elisabeth
State Board Of Equalization	Dean	Julissa
Bill Jones	Deasia	Tristin
McKesson Water Products	Destin	Luciano
Retirement Plan Consultants	Edgardo	Salina
Blue Cross	Eliana	Nikolas
Digital Dreamworks	Elmert	Ron
RR Bowker	Essence	Marjorie
Cardinal Business Media, Inc.	Eulalia	Kelsey
Micro Center	Evan	Emily
Postmaster	Finklestein	Fyodor
Abbey Office Furnishings	Francis	Kyra
Naylor Publications Inc	Gerald	Kristofer
Aztek Label	Griffin	Brian
Zee Medical Service Co	Hallie	Juliana
Edward Data Services	Helena	Jeanette
Yesmed, Inc	Hernandez	Reba
Mcgraw Hill Companies	Holbrooke	Rashad
Bill Marvin Electric Inc	Hostlery	Kaitlin
Cal State Termite	Hunter	Demetrius
National Information Data Ctr	Irvin	Ania
Cahners Publishing Company	Jacobsen	Samuel
Gary McKeighan Insurance	Jair	Caitlin
Costco	Jaquan	Aaron
Zip Print & Copy Center	Javen	Justin
Dean Witter Reynolds	Johnson	Vance
California Data Marketing	Jonessen	Moises
DMV Renewal	Josey	Lorena
BFI Industries	Kaleigh	Erick
Wang Laboratories, Inc.	Kapil	Robert
Blanchard & Johnson Associates	Keeton	Gonzalo
Shields Design	Kerry	Rowan
Net Asset, Llc	Kraggin	Laura
The Mailers Guide Co	Lacy	Karina
Diversified Printing & Pub	Lane	Vanesa
Enterprise Communications Inc	Lawrence	Eileen
Robbins Mobile Lock And Key	Leigh	Bill
Ascom Hasler Mailing Systems	Lewis	Darnell
Register of Copyrights	Liana	Lukas
Computerworld	Lloyd	Angel
Towne Advertiser's Mailing Svcs	Maegen	Ted
Springhouse Corp	Maeve	Clarence
The Presort Center	Marissa	Kyle
Newbrige Book Clubs	Marks	Michelle
The Library Ltd	Marques	Malia
California Chamber Of Commerce	Mauro	Anton
Capital Resource Credit	Maxwell	Jayda
City Of Fresno	Mayte	Kendall
The Drawing Board	Mckayla	Jeffery
Frank E Wilber Co	Millerton	Johnathon
Quality Education Data	Misael	Kayle
Custom Printing Company	Myles	Harley
Venture Communications Int'l	Neftaly	Thalia
Rich Advertising	Neil	Ingrid
Pacific Bell	Nickalus	Kurt
Texaco	Oren	Grace
Opamp Technical Books	Paris	Gideon
Office Depot	Pinsippi	Val
Bertelsmann Industry Svcs. Inc	Potter	Lance
Franchise Tax Board	Prado	Anita
Jobtrak	Quinn	Kenzie
Expedata Inc	Quintin	Marvin
Cmg Information Services	Randall	Yash
Crown Printing	Randrup	Leann
Vision Envelope & Printing	Raven	Jamari
Malloy Lithographing Inc	Regging	Abe
Reiter's Scientific & Pro Books	Rodolfo	Carlee
California Business Machines	Rohansen	Anders
Zylka Design	Ronaldsen	Jaime
Wakefield Co	Rothman	Nathanael
Evans Executone Inc	Royce	Hannah
Blue Shield of California	Smith	Kylie
Roadway Package System, Inc	Smith	Sam
Coffee Break Service	Smitzen	Jeffrey
Ford Motor Credit Company	Snyder	Karen
Suburban Propane	Spivak	Harold
Kent H Landsberg Co	Stevens	Wendy
American Express	Story	Kirsten
Graylift	Sydney	Deangelo
Publishers Marketing Assoc	Walker	Jovon
Valprint	Warren	Quentin
AT&T	Wesley	Alisha
The Windows Deck	Wood	Liam
Ingram	Yobani	Trey
full_name
Aaronsen,Thom
Aileen,Joan
Alberto,Francesco
Alexis,Alexandro
Alondra,Zev
Angelica,Nashalie
Antavius,Troy
Anthoni,Kaitlyn
Anum,Trisha
Aranovitch,Robert
Armando,Jan
Arodondo,Cesar
Articunia,Mercedez
Aryn,Leroy
Baylee,Dakota
Beauregard,Violet
Bernard,Lucy
Bernardo,Brittnee
Blanca,Korah
Bluzinski,Rachael
Bradlee,Daniel
Bragg,Walter
Braydon,Anne
Brenton,Kila
Brooklynn,Keely
Bucket,Charlie
Camron,Trentin
Carrollton,Priscilla
Carson,Julian
Chaddick,Derek
Cheyenne,Kaylea
Church,Charlie
Clifford,Jillian
Colette,Dusty
Colton,Leah
Edgardo,Salina
Eliana,Nikolas
Elmert,Ron
Essence,Marjorie
Eulalia,Kelsey
Evan,Emily
Due Date	InvoiceTotal	10%	Plus 10%
2011-08-23	503.20	50.320	553.520
2011-08-10	579.42	57.942	637.362
2011-08-08	600.00	60.000	660.000
2011-08-06	739.20	73.920	813.120
2011-07-25	904.14	90.414	994.554
2011-07-11	936.93	93.693	1030.623
2011-06-29	639.77	63.977	703.747
2011-06-24	565.15	56.515	621.665
2011-06-20	953.10	95.310	1048.410
2011-06-02	856.92	85.692	942.612
2011-05-24	601.95	60.195	662.145
2011-05-16	662.00	66.200	728.200
invoice_number	invoice_total	payment_credit_total	balance_due
P-0608	20551.18	1200.00	19351.18
0-2436	10976.06	0.00	10976.06
31361833	579.42	0.00	579.42
9982771	503.20	0.00	503.20
547480102	224.00	0.00	224.00
invoice_number	invoice_date	balence_due	payment_date
39104	2011-07-10	85.31	NULL
963253264	2011-07-18	52.25	NULL
31361833	2011-07-21	579.42	NULL
263253268	2011-07-21	59.97	NULL
263253270	2011-07-22	67.92	NULL
263253273	2011-07-22	30.75	NULL
P-0608	2011-07-23	19351.18	NULL
9982771	2011-07-24	503.20	NULL
134116	2011-07-28	90.36	NULL
0-2436	2011-07-31	10976.06	NULL
547480102	2011-08-01	224.00	NULL
current_date
09-12-2013
starting_principal	interest	principal_plus_interest
50000	3250.000	53250.000
