your name STEVEN JOHNSTON

PROG2220: Section #1

Assignment #05: Task #2

Current System Date
2013-11-20 15:35:50
list_price	discount_percent	discount_amount
699.00	30.00	209.70
1199.00	30.00	359.70
2517.00	52.00	1308.84
489.99	38.00	186.20
299.00	0.00	0.00
415.00	39.00	161.85
799.99	30.00	240.00
499.99	25.00	125.00
699.99	30.00	210.00
799.99	15.00	120.00
order_date	year	mmm-dd-yyyy	time	data_time
2012-03-28 09:40:28	2012	Mar-28-2012	09:40 AM	03/28/12 09:40
2012-03-28 11:23:20	2012	Mar-28-2012	11:23 AM	03/28/12 11:23
2012-03-29 09:44:58	2012	Mar-29-2012	09:44 AM	03/29/12 09:44
2012-03-30 15:22:31	2012	Mar-30-2012	03:22 PM	03/30/12 15:22
2012-03-31 05:43:11	2012	Mar-31-2012	05:43 AM	03/31/12 05:43
2012-03-31 18:37:22	2012	Mar-31-2012	06:37 PM	03/31/12 18:37
2012-04-01 23:11:12	2012	Apr-01-2012	11:11 PM	04/01/12 23:11
2012-04-02 11:26:38	2012	Apr-02-2012	11:26 AM	04/02/12 11:26
2012-04-03 12:22:31	2012	Apr-03-2012	12:22 PM	04/03/12 12:22
card_number	string_legth	last_4_digits	Secret
4111111111111111	16	1111	XXXX-XXXX-XXXX-1111
4012888888881881	16	1881	XXXX-XXXX-XXXX-1881
4111111111111111	16	1111	XXXX-XXXX-XXXX-1111
378282246310005	15	0005	XXXX-XXXX-XXXX-0005
4111111111111111	16	1111	XXXX-XXXX-XXXX-1111
6011111111111117	16	1117	XXXX-XXXX-XXXX-1117
5555555555554444	16	4444	XXXX-XXXX-XXXX-4444
4012888888881881	16	1881	XXXX-XXXX-XXXX-1881
4111111111111111	16	1111	XXXX-XXXX-XXXX-1111
order_id	order_date	2 more days	ship_status	date_gap
7	2012-04-01 23:11:12	2012-04-03 23:11:12	2012-04-03 10:21:35	2
8	2012-04-02 11:26:38	2012-04-04 11:26:38	Not shipped	NULL
9	2012-04-03 12:22:31	2012-04-05 12:22:31	Not shipped	NULL
